{"/home/hattori/dev/appleInn/api/app.js":{"path":"/home/hattori/dev/appleInn/api/app.js","s":{"1":1,"2":1,"3":1,"4":1,"5":1,"6":1,"7":1,"8":1,"9":1},"b":{},"f":{"1":1},"fnMap":{"1":{"name":"(anonymous_1)","line":31,"loc":{"start":{"line":31,"column":24},"end":{"line":31,"column":34}}}},"statementMap":{"1":{"start":{"line":9,"column":0},"end":{"line":15,"column":28}},"2":{"start":{"line":17,"column":0},"end":{"line":17,"column":23}},"3":{"start":{"line":18,"column":0},"end":{"line":18,"column":36}},"4":{"start":{"line":19,"column":0},"end":{"line":19,"column":27}},"5":{"start":{"line":20,"column":0},"end":{"line":20,"column":50}},"6":{"start":{"line":22,"column":0},"end":{"line":29,"column":15}},"7":{"start":{"line":31,"column":0},"end":{"line":33,"column":3}},"8":{"start":{"line":32,"column":4},"end":{"line":32,"column":65}},"9":{"start":{"line":35,"column":0},"end":{"line":35,"column":21}}},"branchMap":{}},"/home/hattori/dev/appleInn/api/modulos/infra/elasticsearchInfra.js":{"path":"/home/hattori/dev/appleInn/api/modulos/infra/elasticsearchInfra.js","s":{"1":1,"2":1,"3":1,"4":1,"5":1,"6":1},"b":{},"f":{"1":1,"2":1},"fnMap":{"1":{"name":"(anonymous_1)","line":8,"loc":{"start":{"line":8,"column":17},"end":{"line":8,"column":30}}},"2":{"name":"(anonymous_2)","line":15,"loc":{"start":{"line":15,"column":24},"end":{"line":15,"column":34}}}},"statementMap":{"1":{"start":{"line":8,"column":0},"end":{"line":27,"column":2}},"2":{"start":{"line":10,"column":4},"end":{"line":10,"column":43}},"3":{"start":{"line":11,"column":4},"end":{"line":11,"column":49}},"4":{"start":{"line":13,"column":4},"end":{"line":23,"column":6}},"5":{"start":{"line":17,"column":12},"end":{"line":20,"column":15}},"6":{"start":{"line":25,"column":4},"end":{"line":25,"column":24}}},"branchMap":{}},"/home/hattori/dev/appleInn/api/modulos/infra/postgresInfra.js":{"path":"/home/hattori/dev/appleInn/api/modulos/infra/postgresInfra.js","s":{"1":1,"2":1,"3":1,"4":1,"5":1,"6":3,"7":3,"8":1,"9":3,"10":0,"11":1},"b":{"1":[1,2]},"f":{"1":1,"2":3},"fnMap":{"1":{"name":"(anonymous_1)","line":10,"loc":{"start":{"line":10,"column":17},"end":{"line":10,"column":30}}},"2":{"name":"(anonymous_2)","line":18,"loc":{"start":{"line":18,"column":24},"end":{"line":18,"column":34}}}},"statementMap":{"1":{"start":{"line":10,"column":0},"end":{"line":54,"column":1}},"2":{"start":{"line":12,"column":4},"end":{"line":12,"column":39}},"3":{"start":{"line":13,"column":4},"end":{"line":13,"column":41}},"4":{"start":{"line":15,"column":4},"end":{"line":15,"column":19}},"5":{"start":{"line":17,"column":4},"end":{"line":51,"column":6}},"6":{"start":{"line":20,"column":12},"end":{"line":49,"column":13}},"7":{"start":{"line":22,"column":16},"end":{"line":43,"column":17}},"8":{"start":{"line":24,"column":20},"end":{"line":42,"column":22}},"9":{"start":{"line":45,"column":16},"end":{"line":45,"column":34}},"10":{"start":{"line":48,"column":16},"end":{"line":48,"column":24}},"11":{"start":{"line":53,"column":4},"end":{"line":53,"column":19}}},"branchMap":{"1":{"line":22,"type":"if","locations":[{"start":{"line":22,"column":16},"end":{"line":22,"column":16}},{"start":{"line":22,"column":16},"end":{"line":22,"column":16}}]}}},"/home/hattori/dev/appleInn/api/modulos/models/logModel.js":{"path":"/home/hattori/dev/appleInn/api/modulos/models/logModel.js","s":{"1":1,"2":1,"3":1,"4":1,"5":1},"b":{},"f":{"1":1},"fnMap":{"1":{"name":"(anonymous_1)","line":9,"loc":{"start":{"line":9,"column":17},"end":{"line":9,"column":30}}}},"statementMap":{"1":{"start":{"line":9,"column":0},"end":{"line":26,"column":2}},"2":{"start":{"line":11,"column":4},"end":{"line":11,"column":70}},"3":{"start":{"line":12,"column":4},"end":{"line":12,"column":41}},"4":{"start":{"line":15,"column":4},"end":{"line":23,"column":7}},"5":{"start":{"line":25,"column":4},"end":{"line":25,"column":15}}},"branchMap":{}},"/home/hattori/dev/appleInn/api/modulos/models/userModel.js":{"path":"/home/hattori/dev/appleInn/api/modulos/models/userModel.js","s":{"1":1,"2":1,"3":1,"4":1,"5":1},"b":{},"f":{"1":1},"fnMap":{"1":{"name":"(anonymous_1)","line":9,"loc":{"start":{"line":9,"column":17},"end":{"line":9,"column":30}}}},"statementMap":{"1":{"start":{"line":9,"column":0},"end":{"line":26,"column":2}},"2":{"start":{"line":11,"column":4},"end":{"line":11,"column":70}},"3":{"start":{"line":12,"column":4},"end":{"line":12,"column":41}},"4":{"start":{"line":15,"column":4},"end":{"line":23,"column":7}},"5":{"start":{"line":25,"column":4},"end":{"line":25,"column":16}}},"branchMap":{}},"/home/hattori/dev/appleInn/api/modulos/domains/logDomain.js":{"path":"/home/hattori/dev/appleInn/api/modulos/domains/logDomain.js","s":{"1":1,"2":1,"3":1,"4":1,"5":0,"6":0,"7":1},"b":{},"f":{"1":1,"2":1,"3":0,"4":0},"fnMap":{"1":{"name":"(anonymous_1)","line":8,"loc":{"start":{"line":8,"column":17},"end":{"line":8,"column":30}}},"2":{"name":"(anonymous_2)","line":19,"loc":{"start":{"line":19,"column":20},"end":{"line":19,"column":43}}},"3":{"name":"(anonymous_3)","line":22,"loc":{"start":{"line":22,"column":22},"end":{"line":22,"column":37}}},"4":{"name":"(anonymous_4)","line":25,"loc":{"start":{"line":25,"column":23},"end":{"line":25,"column":36}}}},"statementMap":{"1":{"start":{"line":8,"column":0},"end":{"line":33,"column":2}},"2":{"start":{"line":10,"column":4},"end":{"line":10,"column":47}},"3":{"start":{"line":12,"column":4},"end":{"line":29,"column":6}},"4":{"start":{"line":21,"column":12},"end":{"line":27,"column":19}},"5":{"start":{"line":23,"column":20},"end":{"line":23,"column":41}},"6":{"start":{"line":26,"column":20},"end":{"line":26,"column":40}},"7":{"start":{"line":31,"column":4},"end":{"line":31,"column":21}}},"branchMap":{}},"/home/hattori/dev/appleInn/api/modulos/domains/tokenDomain.js":{"path":"/home/hattori/dev/appleInn/api/modulos/domains/tokenDomain.js","s":{"1":1,"2":1,"3":1,"4":0,"5":0,"6":0,"7":0,"8":0,"9":0,"10":0,"11":0,"12":1},"b":{"1":[0,0],"2":[0,0]},"f":{"1":1,"2":0,"3":0,"4":0,"5":0},"fnMap":{"1":{"name":"(anonymous_1)","line":7,"loc":{"start":{"line":7,"column":17},"end":{"line":7,"column":30}}},"2":{"name":"(anonymous_2)","line":22,"loc":{"start":{"line":22,"column":19},"end":{"line":22,"column":52}}},"3":{"name":"(anonymous_3)","line":32,"loc":{"start":{"line":32,"column":15},"end":{"line":32,"column":42}}},"4":{"name":"(anonymous_4)","line":40,"loc":{"start":{"line":40,"column":19},"end":{"line":40,"column":44}}},"5":{"name":"(anonymous_5)","line":46,"loc":{"start":{"line":46,"column":15},"end":{"line":46,"column":42}}}},"statementMap":{"1":{"start":{"line":7,"column":0},"end":{"line":57,"column":2}},"2":{"start":{"line":9,"column":4},"end":{"line":9,"column":72}},"3":{"start":{"line":11,"column":4},"end":{"line":54,"column":6}},"4":{"start":{"line":24,"column":12},"end":{"line":37,"column":15}},"5":{"start":{"line":33,"column":16},"end":{"line":36,"column":45}},"6":{"start":{"line":34,"column":20},"end":{"line":34,"column":41}},"7":{"start":{"line":36,"column":20},"end":{"line":36,"column":45}},"8":{"start":{"line":42,"column":12},"end":{"line":51,"column":15}},"9":{"start":{"line":47,"column":16},"end":{"line":50,"column":45}},"10":{"start":{"line":48,"column":20},"end":{"line":48,"column":41}},"11":{"start":{"line":50,"column":20},"end":{"line":50,"column":45}},"12":{"start":{"line":56,"column":4},"end":{"line":56,"column":23}}},"branchMap":{"1":{"line":33,"type":"if","locations":[{"start":{"line":33,"column":16},"end":{"line":33,"column":16}},{"start":{"line":33,"column":16},"end":{"line":33,"column":16}}]},"2":{"line":47,"type":"if","locations":[{"start":{"line":47,"column":16},"end":{"line":47,"column":16}},{"start":{"line":47,"column":16},"end":{"line":47,"column":16}}]}}},"/home/hattori/dev/appleInn/api/modulos/domains/userDomain.js":{"path":"/home/hattori/dev/appleInn/api/modulos/domains/userDomain.js","s":{"1":1,"2":1,"3":1,"4":0,"5":0,"6":0,"7":0,"8":0,"9":0,"10":0,"11":1},"b":{"1":[0,0],"2":[0,0]},"f":{"1":1,"2":0,"3":0,"4":0},"fnMap":{"1":{"name":"(anonymous_1)","line":8,"loc":{"start":{"line":8,"column":17},"end":{"line":8,"column":30}}},"2":{"name":"(anonymous_2)","line":26,"loc":{"start":{"line":26,"column":40},"end":{"line":26,"column":78}}},"3":{"name":"(anonymous_3)","line":34,"loc":{"start":{"line":34,"column":24},"end":{"line":34,"column":38}}},"4":{"name":"(anonymous_4)","line":40,"loc":{"start":{"line":40,"column":25},"end":{"line":40,"column":38}}}},"statementMap":{"1":{"start":{"line":8,"column":0},"end":{"line":52,"column":2}},"2":{"start":{"line":10,"column":4},"end":{"line":10,"column":52}},"3":{"start":{"line":12,"column":4},"end":{"line":48,"column":6}},"4":{"start":{"line":28,"column":12},"end":{"line":46,"column":13}},"5":{"start":{"line":29,"column":16},"end":{"line":42,"column":19}},"6":{"start":{"line":36,"column":20},"end":{"line":39,"column":45}},"7":{"start":{"line":37,"column":24},"end":{"line":37,"column":59}},"8":{"start":{"line":39,"column":24},"end":{"line":39,"column":45}},"9":{"start":{"line":41,"column":20},"end":{"line":41,"column":40}},"10":{"start":{"line":45,"column":16},"end":{"line":45,"column":34}},"11":{"start":{"line":50,"column":4},"end":{"line":50,"column":22}}},"branchMap":{"1":{"line":36,"type":"if","locations":[{"start":{"line":36,"column":20},"end":{"line":36,"column":20}},{"start":{"line":36,"column":20},"end":{"line":36,"column":20}}]},"2":{"line":36,"type":"binary-expr","locations":[{"start":{"line":36,"column":23},"end":{"line":36,"column":27}},{"start":{"line":36,"column":31},"end":{"line":36,"column":46}}]}}},"/home/hattori/dev/appleInn/api/modulos/helpers/authHelper.js":{"path":"/home/hattori/dev/appleInn/api/modulos/helpers/authHelper.js","s":{"1":1,"2":1,"3":1,"4":1,"5":1,"6":1,"7":1,"8":0,"9":1,"10":1},"b":{},"f":{"1":1,"2":1,"3":0},"fnMap":{"1":{"name":"(anonymous_1)","line":7,"loc":{"start":{"line":7,"column":17},"end":{"line":7,"column":30}}},"2":{"name":"(anonymous_2)","line":16,"loc":{"start":{"line":16,"column":28},"end":{"line":16,"column":38}}},"3":{"name":"(anonymous_3)","line":18,"loc":{"start":{"line":18,"column":16},"end":{"line":18,"column":36}}}},"statementMap":{"1":{"start":{"line":7,"column":0},"end":{"line":27,"column":1}},"2":{"start":{"line":9,"column":4},"end":{"line":9,"column":44}},"3":{"start":{"line":10,"column":4},"end":{"line":10,"column":65}},"4":{"start":{"line":11,"column":4},"end":{"line":11,"column":56}},"5":{"start":{"line":13,"column":4},"end":{"line":13,"column":35}},"6":{"start":{"line":15,"column":4},"end":{"line":24,"column":6}},"7":{"start":{"line":17,"column":12},"end":{"line":20,"column":17}},"8":{"start":{"line":19,"column":20},"end":{"line":19,"column":59}},"9":{"start":{"line":22,"column":12},"end":{"line":22,"column":28}},"10":{"start":{"line":26,"column":4},"end":{"line":26,"column":16}}},"branchMap":{}},"/home/hattori/dev/appleInn/api/modulos/helpers/logHelper.js":{"path":"/home/hattori/dev/appleInn/api/modulos/helpers/logHelper.js","s":{"1":1,"2":1,"3":1,"4":1,"5":1,"6":0,"7":1,"8":1,"9":1,"10":0,"11":0,"12":0,"13":1},"b":{},"f":{"1":1,"2":1,"3":0,"4":1,"5":0,"6":0,"7":0},"fnMap":{"1":{"name":"(anonymous_1)","line":8,"loc":{"start":{"line":8,"column":17},"end":{"line":8,"column":31}}},"2":{"name":"(anonymous_2)","line":15,"loc":{"start":{"line":15,"column":16},"end":{"line":15,"column":29}}},"3":{"name":"(anonymous_3)","line":16,"loc":{"start":{"line":16,"column":37},"end":{"line":16,"column":56}}},"4":{"name":"(anonymous_4)","line":34,"loc":{"start":{"line":34,"column":14},"end":{"line":35,"column":8}}},"5":{"name":"(anonymous_5)","line":38,"loc":{"start":{"line":38,"column":15},"end":{"line":39,"column":8}}},"6":{"name":"(anonymous_6)","line":42,"loc":{"start":{"line":42,"column":15},"end":{"line":43,"column":8}}},"7":{"name":"(anonymous_7)","line":46,"loc":{"start":{"line":46,"column":14},"end":{"line":47,"column":8}}}},"statementMap":{"1":{"start":{"line":8,"column":0},"end":{"line":53,"column":2}},"2":{"start":{"line":10,"column":4},"end":{"line":10,"column":37}},"3":{"start":{"line":12,"column":4},"end":{"line":12,"column":50}},"4":{"start":{"line":14,"column":4},"end":{"line":20,"column":6}},"5":{"start":{"line":16,"column":12},"end":{"line":18,"column":15}},"6":{"start":{"line":17,"column":16},"end":{"line":17,"column":39}},"7":{"start":{"line":23,"column":4},"end":{"line":30,"column":7}},"8":{"start":{"line":32,"column":4},"end":{"line":50,"column":6}},"9":{"start":{"line":36,"column":12},"end":{"line":36,"column":32}},"10":{"start":{"line":40,"column":12},"end":{"line":40,"column":33}},"11":{"start":{"line":44,"column":12},"end":{"line":44,"column":39}},"12":{"start":{"line":48,"column":12},"end":{"line":48,"column":38}},"13":{"start":{"line":52,"column":4},"end":{"line":52,"column":21}}},"branchMap":{}},"/home/hattori/dev/appleInn/api/modulos/controllers/userController.js":{"path":"/home/hattori/dev/appleInn/api/modulos/controllers/userController.js","s":{"1":1,"2":1,"3":1,"4":1,"5":1,"6":1,"7":0,"8":0,"9":0,"10":0,"11":0,"12":0,"13":0,"14":0,"15":0,"16":0,"17":0,"18":0,"19":0,"20":0,"21":0,"22":0,"23":1,"24":0,"25":0,"26":0,"27":0,"28":0,"29":0,"30":0,"31":1,"32":0,"33":0,"34":0,"35":0,"36":0,"37":0,"38":0,"39":1},"b":{"1":[0,0],"2":[0,0],"3":[0,0],"4":[0,0],"5":[0,0],"6":[0,0],"7":[0,0]},"f":{"1":1,"2":0,"3":0,"4":0,"5":0,"6":0,"7":0},"fnMap":{"1":{"name":"(anonymous_1)","line":7,"loc":{"start":{"line":7,"column":17},"end":{"line":7,"column":30}}},"2":{"name":"(anonymous_2)","line":20,"loc":{"start":{"line":20,"column":16},"end":{"line":20,"column":34}}},"3":{"name":"(anonymous_3)","line":28,"loc":{"start":{"line":28,"column":77},"end":{"line":28,"column":96}}},"4":{"name":"(anonymous_4)","line":39,"loc":{"start":{"line":39,"column":70},"end":{"line":39,"column":92}}},"5":{"name":"(anonymous_5)","line":59,"loc":{"start":{"line":59,"column":14},"end":{"line":59,"column":33}}},"6":{"name":"(anonymous_6)","line":72,"loc":{"start":{"line":72,"column":24},"end":{"line":72,"column":36}}},"7":{"name":"(anonymous_7)","line":96,"loc":{"start":{"line":96,"column":26},"end":{"line":96,"column":40}}}},"statementMap":{"1":{"start":{"line":7,"column":0},"end":{"line":117,"column":1}},"2":{"start":{"line":9,"column":4},"end":{"line":9,"column":53}},"3":{"start":{"line":10,"column":4},"end":{"line":10,"column":54}},"4":{"start":{"line":11,"column":4},"end":{"line":11,"column":44}},"5":{"start":{"line":16,"column":4},"end":{"line":16,"column":13}},"6":{"start":{"line":18,"column":4},"end":{"line":62,"column":6}},"7":{"start":{"line":22,"column":12},"end":{"line":22,"column":23}},"8":{"start":{"line":24,"column":12},"end":{"line":24,"column":45}},"9":{"start":{"line":25,"column":12},"end":{"line":25,"column":45}},"10":{"start":{"line":27,"column":12},"end":{"line":55,"column":13}},"11":{"start":{"line":28,"column":16},"end":{"line":52,"column":18}},"12":{"start":{"line":30,"column":20},"end":{"line":51,"column":21}},"13":{"start":{"line":31,"column":24},"end":{"line":31,"column":43}},"14":{"start":{"line":34,"column":24},"end":{"line":50,"column":25}},"15":{"start":{"line":36,"column":28},"end":{"line":36,"column":63}},"16":{"start":{"line":39,"column":28},"end":{"line":46,"column":31}},"17":{"start":{"line":41,"column":32},"end":{"line":44,"column":70}},"18":{"start":{"line":42,"column":36},"end":{"line":42,"column":55}},"19":{"start":{"line":44,"column":36},"end":{"line":44,"column":70}},"20":{"start":{"line":49,"column":28},"end":{"line":49,"column":69}},"21":{"start":{"line":54,"column":17},"end":{"line":54,"column":50}},"22":{"start":{"line":60,"column":12},"end":{"line":60,"column":84}},"23":{"start":{"line":72,"column":4},"end":{"line":86,"column":6}},"24":{"start":{"line":74,"column":8},"end":{"line":74,"column":25}},"25":{"start":{"line":75,"column":8},"end":{"line":75,"column":21}},"26":{"start":{"line":76,"column":8},"end":{"line":77,"column":30}},"27":{"start":{"line":77,"column":12},"end":{"line":77,"column":30}},"28":{"start":{"line":79,"column":8},"end":{"line":80,"column":34}},"29":{"start":{"line":80,"column":12},"end":{"line":80,"column":34}},"30":{"start":{"line":82,"column":8},"end":{"line":85,"column":11}},"31":{"start":{"line":96,"column":4},"end":{"line":111,"column":5}},"32":{"start":{"line":98,"column":8},"end":{"line":98,"column":25}},"33":{"start":{"line":99,"column":8},"end":{"line":99,"column":24}},"34":{"start":{"line":101,"column":8},"end":{"line":102,"column":34}},"35":{"start":{"line":102,"column":12},"end":{"line":102,"column":34}},"36":{"start":{"line":104,"column":8},"end":{"line":105,"column":33}},"37":{"start":{"line":105,"column":12},"end":{"line":105,"column":33}},"38":{"start":{"line":107,"column":8},"end":{"line":110,"column":11}},"39":{"start":{"line":116,"column":4},"end":{"line":116,"column":26}}},"branchMap":{"1":{"line":30,"type":"if","locations":[{"start":{"line":30,"column":20},"end":{"line":30,"column":20}},{"start":{"line":30,"column":20},"end":{"line":30,"column":20}}]},"2":{"line":34,"type":"if","locations":[{"start":{"line":34,"column":24},"end":{"line":34,"column":24}},{"start":{"line":34,"column":24},"end":{"line":34,"column":24}}]},"3":{"line":41,"type":"if","locations":[{"start":{"line":41,"column":32},"end":{"line":41,"column":32}},{"start":{"line":41,"column":32},"end":{"line":41,"column":32}}]},"4":{"line":76,"type":"if","locations":[{"start":{"line":76,"column":8},"end":{"line":76,"column":8}},{"start":{"line":76,"column":8},"end":{"line":76,"column":8}}]},"5":{"line":79,"type":"if","locations":[{"start":{"line":79,"column":8},"end":{"line":79,"column":8}},{"start":{"line":79,"column":8},"end":{"line":79,"column":8}}]},"6":{"line":101,"type":"if","locations":[{"start":{"line":101,"column":8},"end":{"line":101,"column":8}},{"start":{"line":101,"column":8},"end":{"line":101,"column":8}}]},"7":{"line":104,"type":"if","locations":[{"start":{"line":104,"column":8},"end":{"line":104,"column":8}},{"start":{"line":104,"column":8},"end":{"line":104,"column":8}}]}}},"/home/hattori/dev/appleInn/api/routes/routes.js":{"path":"/home/hattori/dev/appleInn/api/routes/routes.js","s":{"1":1,"2":1,"3":1,"4":1,"5":1,"6":1,"7":1,"8":1},"b":{},"f":{"1":1},"fnMap":{"1":{"name":"(anonymous_1)","line":7,"loc":{"start":{"line":7,"column":17},"end":{"line":7,"column":30}}}},"statementMap":{"1":{"start":{"line":7,"column":0},"end":{"line":31,"column":1}},"2":{"start":{"line":9,"column":4},"end":{"line":9,"column":56}},"3":{"start":{"line":10,"column":4},"end":{"line":10,"column":64}},"4":{"start":{"line":12,"column":4},"end":{"line":12,"column":44}},"5":{"start":{"line":14,"column":4},"end":{"line":14,"column":19}},"6":{"start":{"line":16,"column":4},"end":{"line":16,"column":17}},"7":{"start":{"line":18,"column":4},"end":{"line":18,"column":54}},"8":{"start":{"line":20,"column":4},"end":{"line":20,"column":121}}},"branchMap":{}}}